app/build/intermediates/manifest_merge_blame_file/debug/manifest-merger-blame-debug-report.txt
1<?xml version="1.0" encoding="utf-8"?>
2<manifest xmlns:android="http://schemas.android.com/apk/res/android"
3    package="com.eftimoff.compose"
4    android:versionCode="1"
5    android:versionName="1.0" >
6
7    <uses-sdk
8        android:minSdkVersion="24"
8-->src/main/AndroidManifest.xml
9        android:targetSdkVersion="30" />
9-->src/main/AndroidManifest.xml
10
11    <uses-permission android:name="android.permission.INTERNET" />
11-->src/main/AndroidManifest.xml:5:5-67
11-->src/main/AndroidManifest.xml:5:22-64
12    <uses-permission android:name="android.permission.REORDER_TASKS" />
12-->[androidx.test:core:1.3.0] AndroidManifest.xml:24:5-72
12-->[androidx.test:core:1.3.0] AndroidManifest.xml:24:22-69
13
14    <application
14-->src/main/AndroidManifest.xml:7:5-26:19
15        android:name="com.eftimoff.compose.App"
15-->src/main/AndroidManifest.xml:8:9-28
16        android:allowBackup="true"
16-->src/main/AndroidManifest.xml:9:9-35
17        android:appComponentFactory="androidx.core.app.CoreComponentFactory"
17-->[androidx.core:core:1.5.0-beta01] AndroidManifest.xml:24:18-86
18        android:debuggable="true"
19        android:extractNativeLibs="false"
20        android:icon="@mipmap/ic_launcher"
20-->src/main/AndroidManifest.xml:10:9-43
21        android:label="@string/app_name"
21-->src/main/AndroidManifest.xml:11:9-41
22        android:roundIcon="@mipmap/ic_launcher_round"
22-->src/main/AndroidManifest.xml:12:9-54
23        android:supportsRtl="true"
23-->src/main/AndroidManifest.xml:13:9-35
24        android:testOnly="true"
25        android:theme="@style/Theme.Compose" >
25-->src/main/AndroidManifest.xml:14:9-45
26        <activity
26-->src/main/AndroidManifest.xml:15:9-25:20
27            android:name="com.eftimoff.compose.MainActivity"
27-->src/main/AndroidManifest.xml:16:13-41
28            android:exported="true"
28-->src/main/AndroidManifest.xml:17:13-36
29            android:label="@string/app_name"
29-->src/main/AndroidManifest.xml:18:13-45
30            android:theme="@style/Theme.Compose.NoActionBar" >
30-->src/main/AndroidManifest.xml:19:13-61
31            <intent-filter>
31-->src/main/AndroidManifest.xml:20:13-24:29
32                <action android:name="android.intent.action.MAIN" />
32-->src/main/AndroidManifest.xml:21:17-69
32-->src/main/AndroidManifest.xml:21:25-66
33
34                <category android:name="android.intent.category.LAUNCHER" />
34-->src/main/AndroidManifest.xml:23:17-77
34-->src/main/AndroidManifest.xml:23:27-74
35            </intent-filter>
36        </activity>
37        <activity
37-->[androidx.compose.ui:ui-tooling:1.0.0-beta01] AndroidManifest.xml:25:9-27:39
38            android:name="androidx.compose.ui.tooling.preview.PreviewActivity"
38-->[androidx.compose.ui:ui-tooling:1.0.0-beta01] AndroidManifest.xml:26:13-79
39            android:exported="true" />
39-->[androidx.compose.ui:ui-tooling:1.0.0-beta01] AndroidManifest.xml:27:13-36
40        <activity
40-->[androidx.ui:ui-tooling:1.0.0-alpha07] AndroidManifest.xml:25:9-27:39
41            android:name="androidx.ui.tooling.preview.PreviewActivity"
41-->[androidx.ui:ui-tooling:1.0.0-alpha07] AndroidManifest.xml:26:13-71
42            android:exported="true" />
42-->[androidx.ui:ui-tooling:1.0.0-alpha07] AndroidManifest.xml:27:13-36
43        <activity android:name="androidx.compose.ui.tooling.data.TestActivity" />
43-->[androidx.compose.ui:ui-tooling-data:1.0.0-beta01] AndroidManifest.xml:25:9-82
43-->[androidx.compose.ui:ui-tooling-data:1.0.0-beta01] AndroidManifest.xml:25:19-79
44        <activity
44-->[androidx.test:core:1.3.0] AndroidManifest.xml:27:9-33:20
45            android:name="androidx.test.core.app.InstrumentationActivityInvoker$BootstrapActivity"
45-->[androidx.test:core:1.3.0] AndroidManifest.xml:28:13-99
46            android:theme="@android:style/Theme" >
46-->[androidx.test:core:1.3.0] AndroidManifest.xml:29:13-49
47            <intent-filter>
47-->[androidx.test:core:1.3.0] AndroidManifest.xml:30:13-32:29
48                <action android:name="android.intent.action.MAIN" />
48-->src/main/AndroidManifest.xml:21:17-69
48-->src/main/AndroidManifest.xml:21:25-66
49            </intent-filter>
50        </activity>
51        <activity
51-->[androidx.test:core:1.3.0] AndroidManifest.xml:34:9-40:20
52            android:name="androidx.test.core.app.InstrumentationActivityInvoker$EmptyActivity"
52-->[androidx.test:core:1.3.0] AndroidManifest.xml:35:13-95
53            android:theme="@android:style/Theme" >
53-->[androidx.test:core:1.3.0] AndroidManifest.xml:36:13-49
54            <intent-filter>
54-->[androidx.test:core:1.3.0] AndroidManifest.xml:30:13-32:29
55                <action android:name="android.intent.action.MAIN" />
55-->src/main/AndroidManifest.xml:21:17-69
55-->src/main/AndroidManifest.xml:21:25-66
56            </intent-filter>
57        </activity>
58        <activity
58-->[androidx.test:core:1.3.0] AndroidManifest.xml:41:9-47:20
59            android:name="androidx.test.core.app.InstrumentationActivityInvoker$EmptyFloatingActivity"
59-->[androidx.test:core:1.3.0] AndroidManifest.xml:42:13-103
60            android:theme="@android:style/Theme.Dialog" >
60-->[androidx.test:core:1.3.0] AndroidManifest.xml:43:13-56
61            <intent-filter>
61-->[androidx.test:core:1.3.0] AndroidManifest.xml:30:13-32:29
62                <action android:name="android.intent.action.MAIN" />
62-->src/main/AndroidManifest.xml:21:17-69
62-->src/main/AndroidManifest.xml:21:25-66
63            </intent-filter>
64        </activity>
65    </application>
66
67</manifest>